<?xml version="1.0" encoding="UTF-8"?>
<testng-results skipped="0" failed="0" ignored="0" total="1" passed="1">
  <reporter-output>
  </reporter-output>
  <suite name="Default suite" duration-ms="37045" started-at="2019-01-04T12:31:22Z" finished-at="2019-01-04T12:31:59Z">
    <groups>
    </groups>
    <test name="Default test" duration-ms="37045" started-at="2019-01-04T12:31:22Z" finished-at="2019-01-04T12:31:59Z">
      <class name="com.ibm.Jenkins1.com.ibm.Jenkins1.LaunchAppTest">
        <test-method status="PASS" signature="Demo()[pri:0, instance:com.ibm.Jenkins1.com.ibm.Jenkins1.LaunchAppTest@77caeb3e]" name="Demo" duration-ms="37002" started-at="2019-01-04T12:31:22Z" finished-at="2019-01-04T12:31:59Z">
          <reporter-output>
          </reporter-output>
        </test-method> <!-- Demo -->
      </class> <!-- com.ibm.Jenkins1.com.ibm.Jenkins1.LaunchAppTest -->
    </test> <!-- Default test -->
  </suite> <!-- Default suite -->
</testng-results>
